转变为
建立
应对
合理安排
合理安排
合理安排
合理安排
合理安排
承担
承担
由
由
由
优缺点
优缺点
优缺点
级别
级别
级别
构成
构成
构成
构成
构成
构成
描述
描述
描述
具有
具有
具有
具有
转变为
建立
应对
承担
承担
级别
级别
级别
描述
描述
描述
处理
占门诊量比例
占门诊量比例
占门诊量比例
占门诊量比例
占门诊量比例
占门诊量比例
占门诊量比例
占门诊量比例
占门诊量比例
进入
进入
不设
应便于
CASE_OF
CASE_OF
分类
分类
分类
排放方式
设计单位
DESIGNED_BY
设计单位
DESIGNED_BY
DESIGNED_BY
分类
分类
分类
目的
目的
目的
设计时间
可设
宜设
考虑为
计算
设置
选择
预测
视情况
目的
year
占比
CASE_OF
转变为
建立
应对
承担
承担
级别
级别
级别
描述
描述
描述
处理
占门诊量比例
占门诊量比例
占门诊量比例
占门诊量比例
占门诊量比例
占门诊量比例
占门诊量比例
占门诊量比例
占门诊量比例
组合方式
组合方式
进入
进入
不设
应便于
CASE_OF
CASE_OF
分类
排放方式
设计单位
DESIGNED_BY
设计单位
设计单位
设计单位
DESIGNED_BY
DESIGNED_BY
分类
分类
分类
分类
目的
目的
目的
设计时间
设计单位
可设
应设
宜设
考虑为
计算
设置
选择
预测
视情况
目的
year
占比
CASE_OF
DESIGNED
DESIGNED
DESIGNED_BY
DESIGNED_BY
DESIGNED_BY
CASE_OF
CASE_OF
CASE_OF
CASE_OF
CASE_OF
设计时间
DESIGNED_BY
设计时间
装载
适用范围
适用范围
适用范围
适用范围
适用范围
适用范围
适用范围
适用范围
适用范围
适用范围
避免选址于
避免选址于
避免选址于
避免选址于
避免选址于
避免选址于
避免选址于
避免选址于
避免选址于
避免选址于
导致
导致
导致
导致
导致
设计单位
编著
编委
编委
编委
编委
审阅
审阅
审阅
审阅
审阅
应用于
是
是
是
是
是
是
核对
生成
分析
编制
编制
优化
优化
批准
评估
评估
进行
评估
CASE_OF
设置
翻译
授权
制版
印刷
感谢
感谢
CASE_OF
重新考虑
绘制
认为
被认为
提出
质疑
强调
标志
CASE_OF
预测
首次爆发
导致
旨在
WRITES
WRITES
专注于
分析
获得
分析
DESIGNED_BY
DESIGNED_BY
DESIGNED_BY
DESIGNED_BY
DESIGNED_FOR
DESIGNED_BY
CASE_OF
提出
CASE_OF
CASE_OF
DESIGNED_BY
DESIGNED_BY
DESIGNED_BY
DESIGNED_BY
DESIGNED_BY
进行
演变
演变
DESIGNED_BY
DESIGNED_BY
DESIGNED_BY
是
DESIGNED_BY
DESIGNED_BY
DESIGNED_BY
DESIGNED_BY
DESIGNED_BY
DESIGNED_BY
DESIGNED_BY
DESIGNED_BY
DESIGNED_BY
DESIGNED_BY
DESIGNED_BY
DESIGNED_BY
DESIGNED_BY
DESIGNED_BY
DESIGNED_BY
组织方式
服务
DESIGNED
DESIGNED
朝向
定位为
可能发生
DESIGNED_BY
到达
运送
运送
CASE_OF
CASE_OF
转变为
建立
应对
承担
承担
级别
级别
级别
描述
描述
描述
处理
占门诊量比例
占门诊量比例
占门诊量比例
占门诊量比例
占门诊量比例
占门诊量比例
占门诊量比例
占门诊量比例
占门诊量比例
进入
进入
不设
应便于
CASE_OF
CASE_OF
分类
排放方式
设计单位
DESIGNED_BY
设计单位
设计单位
DESIGNED_BY
DESIGNED_BY
分类
分类
目的
目的
目的
设计时间
设计单位
可设
宜设
考虑为
计算
设置
选择
预测
视情况
目的
效果
效果
year
占比
占比
占比
CASE_OF
DESIGNED
DESIGNED
DESIGNED_BY
DESIGNED_BY
DESIGNED_BY
CASE_OF
CASE_OF
CASE_OF
CASE_OF
CASE_OF
分为
设计时间
DESIGNED_BY
设计时间
装载
适用范围
适用范围
适用范围
适用范围
适用范围
适用范围
适用范围
适用范围
适用范围
适用范围
避免选址于
避免选址于
避免选址于
避免选址于
避免选址于
避免选址于
避免选址于
避免选址于
避免选址于
导致
导致
导致
导致
导致
设计单位
编著
编委
编委
编委
编委
审阅
审阅
审阅
审阅
审阅
应用于
是
是
是
是
是
是
核对
生成
分析
编制
编制
优化
优化
批准
评估
评估
进行
评估
CASE_OF
设置
翻译
授权
制版
印刷
感谢
感谢
CASE_OF
重新考虑
绘制
认为
被认为
提出
质疑
强调
标志
CASE_OF
预测
首次爆发
导致
旨在
WRITES
WRITES
分析
获得
分析
DESIGNED_BY
DESIGNED_BY
DESIGNED_BY
DESIGNED_BY
DESIGNED_FOR
DESIGNED_BY
CASE_OF
提出
CASE_OF
CASE_OF
DESIGNED_BY
DESIGNED_BY
DESIGNED_BY
DESIGNED_BY
DESIGNED_BY
进行
演变
演变
DESIGNED_BY
DESIGNED_BY
DESIGNED_BY
是
DESIGNED_BY
DESIGNED_BY
DESIGNED_BY
DESIGNED_BY
DESIGNED_BY
DESIGNED_BY
DESIGNED_BY
DESIGNED_BY
DESIGNED_BY
DESIGNED_BY
DESIGNED_BY
DESIGNED_BY
DESIGNED_BY
DESIGNED_BY
DESIGNED_BY
组织方式
体验
服务
DESIGNED
DESIGNED
朝向
定位为
可能发生
DESIGNED_BY
到达
运送
CASE_OF
CASE_OF
转变为
建立
应对
承担
承担
级别
级别
级别
描述
描述
描述
处理
占门诊量比例
占门诊量比例
占门诊量比例
占门诊量比例
占门诊量比例
占门诊量比例
占门诊量比例
占门诊量比例
占门诊量比例
组合方式
进入
进入
不设
应便于
CASE_OF
CASE_OF
分类
分类
排放方式
DESIGNED_BY
设计单位
设计单位
设计单位
DESIGNED_BY
DESIGNED_BY
分类
分类
目的
目的
目的
设计时间
设计单位
可设
应设
宜设
考虑为
计算
设置
选择
预测
视情况
目的
效果
效果
year
占比
CASE_OF
DESIGNED
DESIGNED
DESIGNED_BY
DESIGNED_BY
DESIGNED_BY
CASE_OF
CASE_OF
CASE_OF
CASE_OF
CASE_OF
设计时间
DESIGNED_BY
设计时间
装载
适用范围
适用范围
适用范围
适用范围
适用范围
适用范围
适用范围
适用范围
适用范围
适用范围
避免选址于
避免选址于
避免选址于
避免选址于
避免选址于
避免选址于
导致
导致
导致
导致
导致
设计单位
编委
编委
编委
编委
审阅
审阅
审阅
审阅
审阅
应用于
是
是
是
是
是
是
核对
生成
生成
分析
编制
优化
优化
批准
评估
评估
进行
评估
CASE_OF
设置
翻译
授权
制版
印刷
感谢
感谢
CASE_OF
重新考虑
绘制
认为
被认为
提出
质疑
强调
标志
CASE_OF
首次爆发
导致
旨在
WRITES
WRITES
倡导
专注于
分析
获得
分析
DESIGNED_BY
DESIGNED_BY
DESIGNED_BY
DESIGNED_BY
DESIGNED_FOR
DESIGNED_BY
CASE_OF
提出
CASE_OF
CASE_OF
DESIGNED_BY
DESIGNED_BY
DESIGNED_BY
DESIGNED_BY
DESIGNED_BY
进行
演变
演变
DESIGNED_BY
DESIGNED_BY
DESIGNED_BY
是
DESIGNED_BY
DESIGNED_BY
DESIGNED_BY
DESIGNED_BY
DESIGNED_BY
DESIGNED_BY
DESIGNED_BY
DESIGNED_BY
DESIGNED_BY
DESIGNED_BY
DESIGNED_BY
DESIGNED_BY
DESIGNED_BY
DESIGNED_BY
DESIGNED_BY
组织方式
服务
DESIGNED
DESIGNED
朝向
定位为
可能发生
DESIGNED_BY
到达
CASE_OF
CASE_OF
转变为
应对
承担
承担
级别
级别
级别
描述
描述
描述
处理
占门诊量比例
占门诊量比例
占门诊量比例
占门诊量比例
占门诊量比例
占门诊量比例
占门诊量比例
占门诊量比例
占门诊量比例
组合方式
进入
进入
别称
不设
应便于
CASE_OF
CASE_OF
分类
分类
分类
排放方式
设计单位
DESIGNED_BY
设计单位
设计单位
DESIGNED_BY
DESIGNED_BY
分类
分类
分类
分类
目的
目的
目的
设计时间
可设
宜设
考虑为
计算
设置
选择
预测
视情况
目的
效果
year
占比
CASE_OF
DESIGNED
DESIGNED
DESIGNED_BY
DESIGNED_BY
DESIGNED_BY
CASE_OF
CASE_OF
CASE_OF
CASE_OF
CASE_OF
分为
设计时间
DESIGNED_BY
设计时间
装载
适用范围
适用范围
适用范围
适用范围
适用范围
适用范围
适用范围
适用范围
适用范围
适用范围
避免选址于
避免选址于
避免选址于
避免选址于
避免选址于
避免选址于
避免选址于
避免选址于
避免选址于
导致
导致
导致
导致
导致
设计单位
编委
编委
编委
编委
审阅
审阅
审阅
审阅
审阅
应用于
是
是
是
是
是
是
核对
分析
编制
优化
优化
批准
评估
评估
进行
评估
CASE_OF
设置
翻译
授权
制版
印刷
感谢
感谢
CASE_OF
重新考虑
绘制
认为
被认为
提出
质疑
强调
标志
CASE_OF
首次爆发
导致
旨在
WRITES
WRITES
倡导
分析
获得
分析
DESIGNED_BY
DESIGNED_BY
DESIGNED_BY
DESIGNED_BY
DESIGNED_FOR
DESIGNED_BY
CASE_OF
提出
CASE_OF
CASE_OF
DESIGNED_BY
DESIGNED_BY
DESIGNED_BY
DESIGNED_BY
DESIGNED_BY
进行
演变
演变
DESIGNED_BY
DESIGNED_BY
DESIGNED_BY
是
DESIGNED_BY
DESIGNED_BY
DESIGNED_BY
DESIGNED_BY
DESIGNED_BY
DESIGNED_BY
DESIGNED_BY
DESIGNED_BY
DESIGNED_BY
DESIGNED_BY
DESIGNED_BY
DESIGNED_BY
DESIGNED_BY
DESIGNED_BY
DESIGNED_BY
翻新
服务
DESIGNED
DESIGNED
朝向
定位为
可能发生
DESIGNED_BY
到达
运送
CASE_OF
CASE_OF
转变为
建立
应对
承担
承担
级别
级别
级别
描述
描述
描述
处理
占门诊量比例
占门诊量比例
占门诊量比例
占门诊量比例
占门诊量比例
占门诊量比例
占门诊量比例
占门诊量比例
占门诊量比例
进入
进入
不设
应便于
CASE_OF
CASE_OF
分类
分类
分类
排放方式
DESIGNED_BY
设计单位
设计单位
DESIGNED_BY
DESIGNED_BY
分类
分类
分类
分类
分类
目的
目的
目的
设计时间
可设
宜设
考虑为
计算
设置
选择
预测
视情况
目的
效果
效果
效果
year
占比
CASE_OF
DESIGNED
DESIGNED
DESIGNED_BY
DESIGNED_BY
DESIGNED_BY
CASE_OF
CASE_OF
CASE_OF
CASE_OF
CASE_OF
分为
分为
设计时间
DESIGNED_BY
设计时间
装载
适用范围
适用范围
适用范围
适用范围
适用范围
适用范围
适用范围
适用范围
适用范围
适用范围
避免选址于
避免选址于
避免选址于
避免选址于
避免选址于
避免选址于
避免选址于
导致
导致
导致
导致
导致
编委
编委
编委
编委
审阅
审阅
审阅
审阅
审阅
应用于
是
是
是
是
是
是
核对
分析
编制
批准
评估
评估
进行
评估
CASE_OF
设置
翻译
授权
制版
印刷
感谢
感谢
CASE_OF
重新考虑
绘制
认为
被认为
提出
质疑
强调
标志
CASE_OF
预测
首次爆发
导致
旨在
WRITES
WRITES
倡导
分析
获得
分析
DESIGNED_BY
DESIGNED_BY
DESIGNED_BY
DESIGNED_BY
DESIGNED_FOR
DESIGNED_BY
CASE_OF
提出
CASE_OF
CASE_OF
DESIGNED_BY
DESIGNED_BY
DESIGNED_BY
DESIGNED_BY
DESIGNED_BY
进行
演变
演变
DESIGNED_BY
DESIGNED_BY
DESIGNED_BY
是
DESIGNED_BY
DESIGNED_BY
DESIGNED_BY
DESIGNED_BY
DESIGNED_BY
DESIGNED_BY
DESIGNED_BY
DESIGNED_BY
DESIGNED_BY
DESIGNED_BY
DESIGNED_BY
DESIGNED_BY
DESIGNED_BY
DESIGNED_BY
DESIGNED_BY
组织方式
组织方式
体验
服务
DESIGNED
DESIGNED
朝向
定位为
可能发生
DESIGNED_BY
到达
CASE_OF
CASE_OF
CASE_OF
运营
DESIGNED_BY
DESIGNED_BY
业主
DESIGNED_BY
DESIGNED_BY
OWNED_BY
ADVOCATES
DESIGNED
业主
完成时间
业主
DESIGNED_BY
解决
面临
业主
业主
DESIGNED_BY
OWNED_BY
HAS_AREA
HAS_BEDS
进行
曾在
主持
主讲
转变为
注重
INFLUENCES
LEADS_TO
PROMOTES
CASE_OF
CASE_OF
CASE_OF
CASE_OF
CASE_OF
CASE_OF
改变
计算
计算
计算
优化
APPROVES
组织
报
批准
组织
报
组织
收治
需优化
可能发展
异地就医患者占比
异地就医患者占比
异地就医患者占比
异地就医患者占比
异地就医患者占比
异地就医患者占比
异地就医患者占比
组织
设置管理程序
成立
成立
起草
评估
提交
提出
提交
授予
授予
审查
撤销
撤销
承担
承担
进行
进行
分为
分为
分为
通报
适用于
DESIGNED_BY
设计单位
设计单位
使用
使用
使用
设计单位
DESIGNED_BY
DESIGNED_BY
远离
考虑
避让
避让
避让
配置
设置
设置
设置
提供
提供
提供
协助
协助
审查
出具
使用
DESIGNED_BY
DESIGNED_BY
DESIGNED_BY
DESIGNED_BY
DESIGNED_BY
PLANS
配置类型
配置类型
配置类型
位于
业主
DESIGNED_BY
主讲
使用
使用
设置
授予
授予
位于
发布
废止
测算
测算
设置
使用
设置
发布
CONTA含
确立
选择
社区防御工程
建筑内部物体的保护
社区防御工程
建筑内部物体的保护
社区防御工程
建筑内部物体的保护
社区防御工程
建筑内部物体的保护
社区防御工程
建筑内部物体的保护
社区防御工程
建筑内部物体的保护
社区防御工程
建筑内部物体的保护
社区防御工程
建筑内部物体的保护
社区防御工程
建筑内部物体的保护
社区防御工程
建筑内部物体的保护
社区防御工程
建筑内部物体的保护
社区防御工程
建筑内部物体的保护
社区防御工程
建筑内部物体的保护
社区防御工程
建筑内部物体的保护
社区防御工程
建筑内部物体的保护
社区防御工程
建筑内部物体的保护
社区防御工程
建筑内部物体的保护
收集
编制
编制
提出
使用
使用
使用
使用
配置
配置
配置
DESIGNED_BY
运营商
DESIGNED_BY
HAS_AREA
HAS_BED_COUNT
主讲
CONTA含
确立
选择
社区防御工程
建筑内部物体的保护
社区防御工程
建筑内部物体的保护
社区防御工程
建筑内部物体的保护
社区防御工程
建筑内部物体的保护
社区防御工程
建筑内部物体的保护
社区防御工程
建筑内部物体的保护
社区防御工程
建筑内部物体的保护
社区防御工程
建筑内部物体的保护
社区防御工程
建筑内部物体的保护
社区防御工程
建筑内部物体的保护
社区防御工程
建筑内部物体的保护
社区防御工程
建筑内部物体的保护
社区防御工程
建筑内部物体的保护
社区防御工程
建筑内部物体的保护
社区防御工程
建筑内部物体的保护
社区防御工程
建筑内部物体的保护
社区防御工程
建筑内部物体的保护
收集
编制
编制
提出
使用
使用
使用
使用
配置
配置
配置
DESIGNED_BY
运营商
所有者
DESIGNED_BY
HAS_AREA
HAS_BED_COUNT
主讲
CONTA含
确立
选择
社区防御工程
建筑内部物体的保护
社区防御工程
建筑内部物体的保护
社区防御工程
建筑内部物体的保护
社区防御工程
建筑内部物体的保护
社区防御工程
建筑内部物体的保护
社区防御工程
建筑内部物体的保护
社区防御工程
建筑内部物体的保护
社区防御工程
建筑内部物体的保护
社区防御工程
建筑内部物体的保护
社区防御工程
建筑内部物体的保护
社区防御工程
建筑内部物体的保护
社区防御工程
建筑内部物体的保护
社区防御工程
建筑内部物体的保护
社区防御工程
建筑内部物体的保护
社区防御工程
建筑内部物体的保护
社区防御工程
建筑内部物体的保护
社区防御工程
建筑内部物体的保护
收集
编制
编制
提出
使用
使用
使用
使用
配置
配置
配置
配置
DESIGNED_BY
运营商
DESIGNED_BY
HAS_AREA
HAS_BED_COUNT
主讲
CONTA含
确立
选择
社区防御工程
建筑内部物体的保护
社区防御工程
建筑内部物体的保护
社区防御工程
建筑内部物体的保护
社区防御工程
建筑内部物体的保护
社区防御工程
建筑内部物体的保护
社区防御工程
建筑内部物体的保护
社区防御工程
建筑内部物体的保护
社区防御工程
建筑内部物体的保护
社区防御工程
建筑内部物体的保护
社区防御工程
建筑内部物体的保护
社区防御工程
建筑内部物体的保护
社区防御工程
建筑内部物体的保护
社区防御工程
建筑内部物体的保护
社区防御工程
建筑内部物体的保护
社区防御工程
建筑内部物体的保护
社区防御工程
建筑内部物体的保护
社区防御工程
建筑内部物体的保护
收集
编制
编制
提出
使用
使用
使用
使用
配置
配置
配置
配置
DESIGNED_BY
运营商
DESIGNED_BY
HAS_AREA
HAS_BED_COUNT
主讲
CONTA含
确立
选择
社区防御工程
建筑内部物体的保护
社区防御工程
建筑内部物体的保护
社区防御工程
建筑内部物体的保护
社区防御工程
建筑内部物体的保护
社区防御工程
建筑内部物体的保护
社区防御工程
建筑内部物体的保护
社区防御工程
建筑内部物体的保护
社区防御工程
建筑内部物体的保护
社区防御工程
建筑内部物体的保护
社区防御工程
建筑内部物体的保护
社区防御工程
建筑内部物体的保护
社区防御工程
建筑内部物体的保护
社区防御工程
建筑内部物体的保护
社区防御工程
建筑内部物体的保护
社区防御工程
建筑内部物体的保护
社区防御工程
建筑内部物体的保护
社区防御工程
建筑内部物体的保护
收集
编制
编制
提出
使用
使用
使用
使用
配置
配置
配置
配置
DESIGNED_BY
运营商
DESIGNED_BY
HAS_AREA
HAS_BED_COUNT
主讲
DESIGNED_BY
DESIGNED_BY
DESIGNED_BY
确立
选择
不同于
DESIGNED_BY
批准
代表
发表
发表
发表
发表
发表
发表
DESIGNED_BY
DESIGNED_BY
DESIGNED_BY
DESIGNED
DESIGNED
DESIGNED
PLANNED
DESIGNED_BY
DESIGNED_BY
DESIGNED_BY
DESIGNED_BY
确立
选择
不同于
DESIGNED_BY
批准
代表
发表
发表
发表
发表
发表
发表
DESIGNED_BY
DESIGNED_BY
DESIGNED_BY
DESIGNED
DESIGNED
DESIGNED
PLANNED
DESIGNED_BY
DESIGNED_BY
DESIGNED_BY
DESIGNED_BY
DESIGNED_BY
DESIGNED_BY
OWNS
DESIGNED_BY
DESIGNED_BY
OWNS
DESIGNED_BY
DESIGNED_BY
专注于
成立
主讲
拟订
组织
报
批准
实施
评估
发布
废止
INSTALLED_IN
DESIGNED_BY
DESIGNED_BY
DESIGNED_BY
确立
选择
不同于
DESIGNED_BY
批准
DESIGNED_BY
DESIGNED_BY
DESIGNED_BY
确立
选择
不同于
DESIGNED_BY
代表
批准
发表
发表
发表
发表
发表
发表
DESIGNED_BY
代表
DESIGNED_BY
DESIGNED_BY
发表
发表
发表
发表
发表
发表
DESIGNED_BY
DESIGNED_BY
DESIGNED_BY
DESIGNED
DESIGNED
DESIGNED
DESIGNED
PLANNED
DESIGNED
DESIGNED
PLANNED
DESIGNED_BY
DESIGNED_BY
DESIGNED_BY
DESIGNED_BY
DESIGNED_BY
DESIGNED_BY
OWNS
DESIGNED_BY
DESIGNED_BY
OWNS
DESIGNED_BY
DESIGNED_BY
出版
专注于
成立
主讲
DESIGNED_BY
拟订
组织
报
批准
实施
评估
DESIGNED_BY
废止
DESIGNED_BY
DESIGNED_BY
DESIGNED_BY
INSTALLED_IN
DESIGNED_BY
OWNS
DESIGNED_BY
DESIGNED_BY
OWNS
DESIGNED_BY
DESIGNED_BY
出版
出版
专注于
成立
主讲
分析
拟订
组织
报
批准
实施
评估
发布
废止
DESIGNED_BY
DESIGNED_BY
DESIGNED_BY
确立
选择
不同于
DESIGNED_BY
批准
代表
发表
发表
发表
发表
发表
发表
DESIGNED_BY
DESIGNED_BY
DESIGNED_BY
DESIGNED
DESIGNED
DESIGNED
PLANNED
DESIGNED_BY
DESIGNED_BY
SUPPORTED_BY
DESIGNED_BY
DESIGNED_BY
DESIGNED_BY
DESIGNED_BY
OWNS
DESIGNED_BY
DESIGNED_BY
OWNS
DESIGNED_BY
DESIGNED_BY
出版
出版
专注于
成立
主讲
分析
分析
拟订
组织
报
批准
评估
发布
废止
INSTALLED_IN
REFERS_TO
REFERS_TO
REFERS_TO
PRECEDES
PRECEDES
PRECEDES
PRECEDES
PRECEDES
PRECEDES
PRECEDES
USED_IN
LOCATED_IN
LOCATED_IN
CONTAINED_IN
REFERS_TO
TARGETS
TARGETS
不同于
EQUIPPED_WITH
REFERS_TO
COMPARED_WITH
TARGETS
LOCATED_IN
REFERS_TO
REFERS_TO
WORKS_IN
TRANSFERS_TO
REFERS_TO
REFERS_TO
REFERS_TO
DESIGNED
EQUIPPED_WITH
EQUIPPED_WITH
REFERS_TO
LOCATED_IN
REFERS_TO
LOCATED_AT
AFFILIATED_WITH
MEMBER_OF
MEMBER_OF
LOCATED_IN
REFERS_TO
REFERS_TO
REFERS_TO
REFERS_TO
REFERS_TO
CONTROLS
AFFILIATED_WITH
AFFILIATED_WITH
AFFILIATED_WITH
REFERS_TO
REFERS_TO
TRANSFORM_TO
PUBLISHED_BY
REFERS_TO
REFERS_TO
REFERS_TO
PRECEDES
PRECEDES
PRECEDES
PRECEDES
PRECEDES
PRECEDES
PRECEDES
USED_IN
LOCATED_IN
LOCATED_IN
REFERS_TO
TARGETS
TARGETS
不同于
EQUIPPED_WITH
REFERS_TO
COMPARED_WITH
TARGETS
LOCATED_IN
REFERS_TO
REFERS_TO
REFERS_TO
REFERS_TO
REFERS_TO
REFERS_TO
REFERS_TO
REFERS_TO
PRECEDES
PRECEDES
PRECEDES
PRECEDES
PRECEDES
PRECEDES
PRECEDES
USED_IN
LOCATED_IN
LOCATED_IN
REFERS_TO
REFERS_TO
REFERS_TO
PRECEDES
PRECEDES
PRECEDES
PRECEDES
PRECEDES
PRECEDES
PRECEDES
USED_IN
LOCATED_IN
LOCATED_IN
REFERS_TO
TARGETS
TARGETS
不同于
EQUIPPED_WITH
REFERS_TO
COMPARED_WITH
TARGETS
LOCATED_IN
REFERS_TO
REFERS_TO
TRANSFERS_TO
REFERS_TO
REFERS_TO
REFERS_TO
DESIGNED
EQUIPPED_WITH
EQUIPPED_WITH
REFERS_TO
LOCATED_IN
REFERS_TO
LOCATED_AT
AFFILIATED_WITH
MEMBER_OF
MEMBER_OF
LOCATED_IN
REFERS_TO
REFERS_TO
REFERS_TO
REFERS_TO
REFERS_TO
CONTROLS
AFFILIATED_WITH
AFFILIATED_WITH
AFFILIATED_WITH
REFERS_TO
REFERS_TO
TRANSFORM_TO
PUBLISHED_BY
REFERS_TO
REFERS_TO
REFERS_TO
REFERS_TO
REFERS_TO
REFERS_TO
REFERS_TO
REFERS_TO
REFERS_TO
REFERS_TO
REFERS_TO
REFERS_TO
REFERS_TO
REFERS_TO
REFERS_TO
REFERS_TO
REFERS_TO
LOCATED_IN
LOCATED_IN
LOCATED_IN
REFERS_TO
PART_OF
DESIGNED_BY
REFERS_TO
REFERS_TO
REFERS_TO
IS_A
IS_A
IS_A
REFERS_TO
REFERS_TO
REFERS_TO
REFERS_TO
CALCULATED_FROM
REFERS_TO
REFERS_TO
REFERS_TO
REFERS_TO
REFERS_TO
REFERS_TO
REFERS_TO
REFERS_TO
区别于
REFERS_TO
REFERS_TO
REFERS_TO
REFERS_TO
REFERS_TO
REFERS_TO
REFERS_TO
REFERS_TO
REFERS_TO
REFERS_TO
REFERS_TO
REFERS_TO
REFERS_TO
REFERS_TO
REFERS_TO
REFERS_TO
REFERS_TO
REFERS_TO
REFERS_TO
REFERS_TO
REFERS_TO
REFERS_TO
REFERS_TO
LOCATED_IN
LOCATED_IN
LOCATED_IN
LOCATED_IN
LOCATED_IN
LOCATED_IN
LOCATED_IN
LOCATED_IN
LOCATED_IN
LOCATED_IN
LOCATED_IN
LOCATED_IN
LOCATED_IN
LOCATED_IN
LOCATED_IN
LOCATED_IN
REFERS_TO
REFERS_TO
REFERS_TO
REFERS_TO
REFERS_TO
REFERS_TO
PRECEDES
REFERS_TO
REFERS_TO
REFERS_TO
REFERS_TO
REFERS_TO
REFERS_TO
HAS_ATTRIBUTE
HAS_ATTRIBUTE
REFERS_TO
REFERS_TO
REFERS_TO
REFERS_TO
REFERS_TO
REFERS_TO
REFERS_TO
REFERS_TO
TARGETS
REFERS_TO
REFERS_TO
REFERS_TO
REFERS_TO
REFERS_TO
REFERS_TO
REFERS_TO
REFERS_TO
REFERS_TO
IMPLEMENTS
REFERS_TO
REFERS_TO
REFERS_TO
REFERS_TO
REFERS_TO
REFERS_TO
REFERS_TO
REFERS_TO
REFERS_TO
REFERS_TO
REFERS_TO
REFERS_TO
REFERS_TO
LOCATED_IN
LOCATED_IN
LOCATED_IN
USED_IN
LOCATED_BETWEEN
REFERS_TO
REFERS_TO
LOCATED_IN
REFERS_TO
REFERS_TO
WORKS_AT
PROVIDES_CONSULTATION
REFERS_TO
REFERS_TO
REFERS_TO
REFERS_TO
REFERS_TO
REFERS_TO
REFERS_TO
REFERS_TO
REFERS_TO
REFERS_TO
REFERS_TO
REPLACES
PRODUCES
REFERS_TO
LOCATED_IN
LOCATED_IN
COMPARED_TO
SEPARATES
WORKS_IN
LOCATED_IN
AFFILIATED_WITH
AFFILIATED_WITH
REFERS_TO
REFERS_TO
LOCATED_IN
LOCATED_IN
LOCATED_IN
LOCATED_IN
REFERS_TO
REFERS_TO
REFERS_TO
AFFILIATED_WITH
AFFILIATED_WITH
AFFILIATED_WITH
AFFILIATED_WITH
LOCATED_IN
LOCATED_IN
LOCATED_IN
LOCATED_IN
REFERS_TO
REFERS_TO
REFERS_TO
REFERS_TO
IS_A
IS_A
IS_A
IS_A
REFERS_TO
REFERS_TO
REFERS_TO
REFERS_TO
REFERS_TO
REFERS_TO
REFERS_TO
PUBLISHED_BY
REFERS_TO
CAN_CONTAIN
CAN_CONTAIN
CAN_CONTAIN
CAN_CONTAIN
CAN_CONTAIN
REFERS_TO
REFERS_TO
REFERS_TO
REFERS_TO
REFERS_TO
REFERS_TO
REFERS_TO
REFERS_TO
REFERS_TO
REFERS_TO
REFERS_TO
REFERS_TO
REFERS_TO
REFERS_TO
REFERS_TO
REFERS_TO
REFERS_TO
LOCATED_IN
LOCATED_IN
REFERS_TO
REFERS_TO
REFERS_TO
REFERS_TO
REFERS_TO
LOCATED_IN
LOCATED_IN
LOCATED_IN
